--------------------------------------------------------------------------------
      name:  <unnamed>
       log:  /Users/nate/My Drive (nparsons@pdx.edu)/projects/IoA/IOA_AdminTurno
> ver_local/log/adTurn_analysis.log
  log type:  text
 opened on:   9 Aug 2022, 15:44:29

. 
. // PROJECT: Administrative Turnover
. // PROGRAM: adTurn_analysis.do
. // TASK: Analyze adTurn data
. // CREATED BY: N.F. Parsons
. // DATE: 08/08/22
. 
. version 1.0

. set linesize 80

. set more off

. 
. 
. 
. use "data/adturn.dta"

. 
. **********************************
. *** COMMANDS/PROGRAM GOES HERE ***
. **********************************
. 
. putdocx begin

. 
. putdocx paragraph, style(Title)

. putdocx text ("AdTurn Analysis")

. 
. // test subscales interitem correlations
. 
. putdocx paragraph, style(Heading1)

. putdocx text ("Interitem correlations")

. 
. putdocx paragraph

. putdocx text ("Q19. This next question asks about how satisfied you are with e
> ach aspect of your current job listed below. To what extent are you satisfied 
> or dissatisfied with each aspect of your job? Please select Not Applicable if 
> a particular statement is not applicable to you or your position.")

. alpha q19_*, std item

Test scale = mean(standardized items)

                                                            Average
                             Item-test     Item-rest       interitem
Item         |  Obs  Sign   correlation   correlation     correlation     alpha
-------------+-----------------------------------------------------------------
q19_1        |  198    +       0.7091        0.6504          0.4211      0.9044
q19_2        |  197    +       0.5379        0.4564          0.4421      0.9115
q19_3        |  198    +       0.7424        0.6894          0.4171      0.9030
q19_4        |  198    +       0.7090        0.6505          0.4213      0.9044
q19_5        |  198    +       0.6571        0.5910          0.4275      0.9066
q19_6        |  198    +       0.7263        0.6706          0.4191      0.9037
q19_7        |  197    +       0.6902        0.6291          0.4233      0.9051
q19_8        |  198    +       0.6398        0.5708          0.4295      0.9073
q19_9        |  197    +       0.6387        0.5702          0.4296      0.9073
q19_10       |  197    +       0.7137        0.6559          0.4205      0.9041
q19_11       |  198    +       0.7661        0.7169          0.4142      0.9019
q19_12       |  198    +       0.6468        0.5791          0.4289      0.9071
q19_13       |  197    +       0.6348        0.5653          0.4304      0.9076
q19_14       |  197    +       0.7380        0.6844          0.4175      0.9031
-------------+-----------------------------------------------------------------
Test scale   |                                               0.4244      0.9117
-------------------------------------------------------------------------------

. putdocx save adTurn_Analysis, replace
successfully replaced "/Users/nate/My Drive (nparsons@pdx.edu)/projects/IoA/IOA_
> AdminTurnover_local/adTurn_Analysis.docx"

. 
. putdocx begin

. putdocx paragraph       

. putdocx text ("Q20. To what extent are you satisfied or dissatisfied with each
>  aspect of your job?")    

. alpha q20_*, std item

Test scale = mean(standardized items)

                                                            Average
                             Item-test     Item-rest       interitem
Item         |  Obs  Sign   correlation   correlation     correlation     alpha
-------------+-----------------------------------------------------------------
q20_1        |  202    +       0.8595        0.8304          0.4074      0.9059
q20_2        |  202    +       0.8117        0.7739          0.4128      0.9078
q20_3        |  202    +       0.8469        0.8149          0.4087      0.9063
q20_4        |  203    +       0.7767        0.7330          0.4168      0.9091
q20_5        |  202    +       0.7573        0.7106          0.4189      0.9098
q20_6        |  202    +       0.7891        0.7476          0.4151      0.9085
q20_7        |  203    +       0.5715        0.4999          0.4399      0.9166
q20_8        |  203    +       0.8546        0.8245          0.4080      0.9061
q20_9        |  203    +       0.7572        0.7103          0.4189      0.9098
q20_10       |  203    +       0.7436        0.6946          0.4205      0.9104
q20_11       |  203    -       0.6186        0.5522          0.4345      0.9149
q20_12       |  203    +       0.2337        0.1383          0.4779      0.9276
q20_13       |  203    -       0.2366        0.1413          0.4776      0.9275
q20_14       |  203    -       0.7058        0.6510          0.4247      0.9118
q20_15       |  203    -       0.6691        0.6092          0.4288      0.9131
-------------+-----------------------------------------------------------------
Test scale   |                                               0.4273      0.9180
-------------------------------------------------------------------------------

. putdocx save adTurn_Analysis, append
successfully appended to "/Users/nate/My Drive (nparsons@pdx.edu)/projects/IoA/I
> OA_AdminTurnover_local/adTurn_Analysis.docx"

. 
. putdocx begin

. putdocx paragraph

. putdocx text ("Q26. Following are some statements related to your work. Do you
>  agree or disagree with each statement?") 

. alpha q26_*, std item

Test scale = mean(standardized items)

                                                            Average
                             Item-test     Item-rest       interitem
Item         |  Obs  Sign   correlation   correlation     correlation     alpha
-------------+-----------------------------------------------------------------
q26_1        |  203    +       0.7456        0.6760          0.5092      0.9033
q26_2        |  202    +       0.7729        0.7094          0.5036      0.9013
q26_3        |  203    +       0.7647        0.6995          0.5052      0.9019
q26_4        |  203    +       0.7765        0.7135          0.5025      0.9009
q26_5        |  203    +       0.7840        0.7232          0.5012      0.9004
q26_6        |  202    +       0.7138        0.6379          0.5157      0.9055
q26_7        |  203    +       0.7674        0.7025          0.5047      0.9017
q26_8        |  203    +       0.6749        0.5910          0.5238      0.9082
q26_9        |  202    +       0.7600        0.6939          0.5061      0.9022
q26_10       |  202    +       0.7095        0.6327          0.5166      0.9058
-------------+-----------------------------------------------------------------
Test scale   |                                               0.5089      0.9120
-------------------------------------------------------------------------------

. putdocx save adTurn_Analysis, append
successfully appended to "/Users/nate/My Drive (nparsons@pdx.edu)/projects/IoA/I
> OA_AdminTurnover_local/adTurn_Analysis.docx"

. 
. // save "data/adturn.dta", replace
. log close
      name:  <unnamed>
       log:  /Users/nate/My Drive (nparsons@pdx.edu)/projects/IoA/IOA_AdminTurno
> ver_local/log/adTurn_analysis.log
  log type:  text
 closed on:   9 Aug 2022, 15:44:29
--------------------------------------------------------------------------------
